<?xml version="1.0" encoding="UTF-8"?>
<!-- Generated by org.testng.reporters.JUnitReportReporter -->
<testsuite hostname="DESKTOP-GGR6O85" failures="0" tests="1" name="automationexerise.login" time="6.184" errors="0" timestamp="2025-02-09T17:27:10 GMT+05:45" skipped="0">
  <testcase classname="automationexerise.login" name="logged_in" time="6.184"/>
  <system-out/>
</testsuite> <!-- automationexerise.login -->
